2019-11-16 21:04:28,120) - DEBUG - debug msg
2019-11-16 21:04:28,120) - INFO - info msg
2019-11-16 21:04:28,120) - WARNING - warning msg
2019-11-16 21:04:28,120) - ERROR - error msg
2019-11-16 21:04:28,122) - CRITICAL - critical msg
2019-11-16 21:06:05,136) - DEBUG - debug msg
2019-11-16 21:06:05,136) - INFO - info msg
2019-11-16 21:06:05,136) - WARNING - warning msg
2019-11-16 21:06:05,136) - ERROR - error msg
2019-11-16 21:06:05,137) - CRITICAL - critical msg
2019-11-16 21:10:21,160) - DEBUG - debug msg
2019-11-16 21:10:21,160) - INFO - info msg
2019-11-16 21:10:21,160) - WARNING - warning msg
2019-11-16 21:10:21,160) - ERROR - error msg
2019-11-16 21:10:21,161) - CRITICAL - critical msg
2019-11-16 21:35:57,001) - DEBUG - debug msg
2019-11-16 21:35:57,001) - INFO - info msg
2019-11-16 21:35:57,001) - WARNING - warning msg
2019-11-16 21:35:57,001) - ERROR - error msg
2019-11-16 21:35:57,251) - CRITICAL - critical msg
2019-11-16 21:37:06,828) - DEBUG - debug msg
2019-11-16 21:37:06,829) - INFO - info msg
2019-11-16 21:37:06,829) - WARNING - warning msg
2019-11-16 21:37:06,829) - ERROR - error msg
2019-11-16 21:37:07,106) - CRITICAL - critical msg
2019-11-16 21:37:47,919) - DEBUG - debug msg
2019-11-16 21:37:47,920) - INFO - info msg
2019-11-16 21:37:47,921) - WARNING - warning msg
2019-11-16 21:37:47,921) - ERROR - error msg
2019-11-16 21:37:47,922) - CRITICAL - critical msg
2019-11-16 21:38:45,366) - DEBUG - debug msg
2019-11-16 21:38:45,366) - INFO - info msg
2019-11-16 21:38:45,367) - WARNING - warning msg
2019-11-16 21:38:45,368) - ERROR - error msg
2019-11-16 21:38:45,368) - CRITICAL - critical msg
2019-11-16 21:39:18,246) - CRITICAL - critical msg
